Arguments: 
  /Users/t00516/.nodenv/versions/16.17.0/bin/node /Users/t00516/.nodenv/versions/16.17.0/bin/yarn add bootstrap

PATH: 
  /Users/t00516/.nodenv/versions/16.17.0/bin:/opt/homebrew/Cellar/nodenv/1.4.1/libexec:/Users/t00516/.nodenv/plugins/node-build-update-defs/bin:/opt/homebrew/opt/openssl@1.1/bin:/opt/homebrew/opt/mysql@5.7/bin:/opt/homebrew/opt/mysql@5.7/bin:/usr/local/opt/mysql@5.7/bin:/Users/t00516/.nodenv/shims:/Users/t00516/.rbenv/shims:/Users/t00516/.rbenv/bin:/Users/t00516/.pyenv/bin:/Users/t00516/.pyenv/shims:/usr/local/opt/openssl@1.1/bin:/Users/t00516/.nodenv/shims:/Users/t00516/.rbenv/shims:/Users/t00516/.rbenv/bin:/Users/t00516/.rbenv/shims:/Users/t00516/.rbenv/bin:/opt/homebrew/bin:/opt/homebrew/sbin:/usr/local/bin:/usr/bin:/bin:/usr/sbin:/sbin

Yarn version: 
  1.22.19

Node version: 
  16.17.0

Platform: 
  darwin arm64

Trace: 
  Error: ENOENT: no such file or directory, open '/Users/t00516/Library/Caches/Yarn/v6/npm-@esbuild-darwin-arm64-0.18.9-22e2f880ef99f51e8f52a238170fa24d68f035e9-integrity/node_modules/@esbuild/darwin-arm64/.yarn-metadata.json'

npm manifest: 
  {
    "name": "app",
    "private": "true",
    "scripts": {
      "build": "esbuild app/javascript/*.* --bundle --sourcemap --outdir=app/assets/builds --public-path=assets",
      "build:css": "sass ./app/assets/stylesheets/application.bootstrap.scss:./app/assets/builds/application.css --no-source-map --load-path=node_modules"
    },
    "dependencies": {
      "@hotwired/stimulus": "^3.2.1",
      "@hotwired/turbo-rails": "^7.3.0",
      "esbuild": "^0.18.4"
    }
  }

yarn manifest: 
  No manifest

Lockfile: 
  # THIS IS AN AUTOGENERATED FILE. DO NOT EDIT THIS FILE DIRECTLY.
  # yarn lockfile v1
  
  
  "@esbuild/darwin-arm64@0.18.8":
    "version" "0.18.8"
  
  "@hotwired/stimulus@^3.2.1":
    "integrity" "sha512-HGlzDcf9vv/EQrMJ5ZG6VWNs8Z/xMN+1o2OhV1gKiSG6CqZt5MCBB1gRg5ILiN3U0jEAxuDTNPRfBcnZBDmupQ=="
    "resolved" "https://registry.npmjs.org/@hotwired/stimulus/-/stimulus-3.2.1.tgz"
    "version" "3.2.1"
  
  "@hotwired/turbo-rails@^7.3.0":
    "integrity" "sha512-fvhO64vp/a2UVQ3jue9WTc2JisMv9XilIC7ViZmXAREVwiQ2S4UC7Go8f9A1j4Xu7DBI6SbFdqILk5ImqVoqyA=="
    "resolved" "https://registry.npmjs.org/@hotwired/turbo-rails/-/turbo-rails-7.3.0.tgz"
    "version" "7.3.0"
    dependencies:
      "@hotwired/turbo" "^7.3.0"
      "@rails/actioncable" "^7.0"
  
  "@hotwired/turbo@^7.3.0":
    "version" "7.3.0"
  
  "@rails/actioncable@^7.0":
    "version" "7.0.5"
  
  "esbuild@^0.18.4":
    "version" "0.18.8"
    optionalDependencies:
      "@esbuild/android-arm" "0.18.8"
      "@esbuild/android-arm64" "0.18.8"
      "@esbuild/android-x64" "0.18.8"
      "@esbuild/darwin-arm64" "0.18.8"
      "@esbuild/darwin-x64" "0.18.8"
      "@esbuild/freebsd-arm64" "0.18.8"
      "@esbuild/freebsd-x64" "0.18.8"
      "@esbuild/linux-arm" "0.18.8"
      "@esbuild/linux-arm64" "0.18.8"
      "@esbuild/linux-ia32" "0.18.8"
      "@esbuild/linux-loong64" "0.18.8"
      "@esbuild/linux-mips64el" "0.18.8"
      "@esbuild/linux-ppc64" "0.18.8"
      "@esbuild/linux-riscv64" "0.18.8"
      "@esbuild/linux-s390x" "0.18.8"
      "@esbuild/linux-x64" "0.18.8"
      "@esbuild/netbsd-x64" "0.18.8"
      "@esbuild/openbsd-x64" "0.18.8"
      "@esbuild/sunos-x64" "0.18.8"
      "@esbuild/win32-arm64" "0.18.8"
      "@esbuild/win32-ia32" "0.18.8"
      "@esbuild/win32-x64" "0.18.8"
